2023-12-19 18:12:862 INFO  HomePage :94 - Hovering mouse and clicking on Desktops tab : [[ChromeDriver: chrome on windows (813595feb3ee30bb877a370fc8bc28dd)] -> xpath: //a[@class='dropdown-toggle'][normalize-space()='Desktops']]
2023-12-19 18:12:923 INFO  HomePage :78 - Hovering mouse and Clicking on show all desktops : [[ChromeDriver: chrome on windows (813595feb3ee30bb877a370fc8bc28dd)] -> xpath: //a[normalize-space()='Show AllDesktops']]
2023-12-19 18:12:106 INFO  DesktopPage :43 - Clicking on sort by  option tab : [[ChromeDriver: chrome on windows (813595feb3ee30bb877a370fc8bc28dd)] -> id: input-sort]
2023-12-19 18:12:891 INFO  DesktopPage :48 - Selecting sort by (A to Z) option : [[ChromeDriver: chrome on windows (813595feb3ee30bb877a370fc8bc28dd)] -> id: input-sort]
2023-12-19 18:12:376 INFO  HomePage :70 - Clicking on currency selector : [[ChromeDriver: chrome on windows (246060c6b189caeb0d440204c25bdb98)] -> xpath: //span[normalize-space()='Currency']]
2023-12-19 18:12:135 INFO  HomePage :72 - Clicking on currency GBP : [[ChromeDriver: chrome on windows (246060c6b189caeb0d440204c25bdb98)] -> xpath: //button[normalize-space()='£Pound Sterling']]
2023-12-19 18:12:329 INFO  HomePage :94 - Hovering mouse and clicking on Desktops tab : [[ChromeDriver: chrome on windows (246060c6b189caeb0d440204c25bdb98)] -> xpath: //a[@class='dropdown-toggle'][normalize-space()='Desktops']]
2023-12-19 18:12:448 INFO  HomePage :78 - Hovering mouse and Clicking on show all desktops : [[ChromeDriver: chrome on windows (246060c6b189caeb0d440204c25bdb98)] -> xpath: //a[normalize-space()='Show AllDesktops']]
2023-12-19 18:12:607 INFO  DesktopPage :43 - Clicking on sort by  option tab : [[ChromeDriver: chrome on windows (246060c6b189caeb0d440204c25bdb98)] -> id: input-sort]
2023-12-19 18:12:218 INFO  DesktopPage :48 - Selecting sort by (A to Z) option : [[ChromeDriver: chrome on windows (246060c6b189caeb0d440204c25bdb98)] -> id: input-sort]
2023-12-19 18:12:220 INFO  DesktopPage :98 - List Of Product : [[ChromeDriver: chrome on windows (246060c6b189caeb0d440204c25bdb98)] -> xpath: //h4/a]
2023-12-19 18:12:260 INFO  ProductPage :55 - Verify Product name : [[ChromeDriver: chrome on windows (246060c6b189caeb0d440204c25bdb98)] -> css selector: div[id='content'] h1]
2023-12-19 18:12:576 INFO  ShoppingCartPage :51 - Checking for shopping cart text : [[ChromeDriver: chrome on windows (246060c6b189caeb0d440204c25bdb98)] -> xpath: //div[@id='content']//h1]
2023-12-19 18:12:628 INFO  ShoppingCartPage :56 - Getting product name text in shopping cart : [[ChromeDriver: chrome on windows (246060c6b189caeb0d440204c25bdb98)] -> xpath: //div[@class = 'table-responsive']/table/tbody/tr/td[2]/a]
2023-12-19 18:12:695 INFO  ShoppingCartPage :66 - Getting model details in shopping cart : [[ChromeDriver: chrome on windows (246060c6b189caeb0d440204c25bdb98)] -> xpath: //div[@class = 'table-responsive']/table/tbody/tr/td[3]]
2023-12-19 18:12:754 INFO  ShoppingCartPage :71 - Getting total amount in shopping cart : [[ChromeDriver: chrome on windows (246060c6b189caeb0d440204c25bdb98)] -> xpath: //div[@class = 'table-responsive']/table/tbody/tr/td[6]]
2023-12-19 18:12:946 INFO  HomePage :70 - Clicking on currency selector : [[ChromeDriver: chrome on windows (a925aa19adef2c55ee0d536c37a3784f)] -> xpath: //span[normalize-space()='Currency']]
2023-12-19 18:12:844 INFO  HomePage :72 - Clicking on currency GBP : [[ChromeDriver: chrome on windows (a925aa19adef2c55ee0d536c37a3784f)] -> xpath: //button[normalize-space()='£Pound Sterling']]
2023-12-19 18:12:16 INFO  HomePage :94 - Hovering mouse and clicking on Desktops tab : [[ChromeDriver: chrome on windows (a925aa19adef2c55ee0d536c37a3784f)] -> xpath: //a[@class='dropdown-toggle'][normalize-space()='Desktops']]
2023-12-19 18:12:35 INFO  HomePage :78 - Hovering mouse and Clicking on show all desktops : [[ChromeDriver: chrome on windows (a925aa19adef2c55ee0d536c37a3784f)] -> xpath: //a[normalize-space()='Show AllDesktops']]
2023-12-19 18:12:160 INFO  DesktopPage :43 - Clicking on sort by  option tab : [[ChromeDriver: chrome on windows (a925aa19adef2c55ee0d536c37a3784f)] -> id: input-sort]
2023-12-19 18:12:801 INFO  DesktopPage :48 - Selecting sort by (A to Z) option : [[ChromeDriver: chrome on windows (a925aa19adef2c55ee0d536c37a3784f)] -> id: input-sort]
2023-12-19 18:12:872 INFO  DesktopPage :98 - List Of Product : [[ChromeDriver: chrome on windows (a925aa19adef2c55ee0d536c37a3784f)] -> xpath: //h4/a]
2023-12-19 18:12:903 INFO  ProductPage :55 - Verify Product name : [[ChromeDriver: chrome on windows (a925aa19adef2c55ee0d536c37a3784f)] -> css selector: div[id='content'] h1]
2023-12-19 18:12:98 INFO  ShoppingCartPage :51 - Checking for shopping cart text : [[ChromeDriver: chrome on windows (a925aa19adef2c55ee0d536c37a3784f)] -> xpath: //div[@id='content']//h1]
2023-12-19 18:12:156 INFO  ShoppingCartPage :56 - Getting product name text in shopping cart : [[ChromeDriver: chrome on windows (a925aa19adef2c55ee0d536c37a3784f)] -> xpath: //div[@class = 'table-responsive']/table/tbody/tr/td[2]/a]
2023-12-19 18:12:205 INFO  ShoppingCartPage :66 - Getting model details in shopping cart : [[ChromeDriver: chrome on windows (a925aa19adef2c55ee0d536c37a3784f)] -> xpath: //div[@class = 'table-responsive']/table/tbody/tr/td[3]]
2023-12-19 18:12:253 INFO  ShoppingCartPage :71 - Getting total amount in shopping cart : [[ChromeDriver: chrome on windows (a925aa19adef2c55ee0d536c37a3784f)] -> xpath: //div[@class = 'table-responsive']/table/tbody/tr/td[6]]
2023-12-19 18:12:128 INFO  HomePage :70 - Clicking on currency selector : [[ChromeDriver: chrome on windows (ee44fd4731ff32a6de98b82367b7e5b8)] -> xpath: //span[normalize-space()='Currency']]
2023-12-19 18:12:23 INFO  HomePage :72 - Clicking on currency GBP : [[ChromeDriver: chrome on windows (ee44fd4731ff32a6de98b82367b7e5b8)] -> xpath: //button[normalize-space()='£Pound Sterling']]
2023-12-19 18:12:221 INFO  HomePage :94 - Hovering mouse and clicking on Desktops tab : [[ChromeDriver: chrome on windows (ee44fd4731ff32a6de98b82367b7e5b8)] -> xpath: //a[@class='dropdown-toggle'][normalize-space()='Desktops']]
2023-12-19 18:12:212 INFO  HomePage :78 - Hovering mouse and Clicking on show all desktops : [[ChromeDriver: chrome on windows (ee44fd4731ff32a6de98b82367b7e5b8)] -> xpath: //a[normalize-space()='Show AllDesktops']]
2023-12-19 18:12:330 INFO  DesktopPage :43 - Clicking on sort by  option tab : [[ChromeDriver: chrome on windows (ee44fd4731ff32a6de98b82367b7e5b8)] -> id: input-sort]
2023-12-19 18:12:993 INFO  DesktopPage :48 - Selecting sort by (A to Z) option : [[ChromeDriver: chrome on windows (ee44fd4731ff32a6de98b82367b7e5b8)] -> id: input-sort]
2023-12-19 18:12:03 INFO  DesktopPage :98 - List Of Product : [[ChromeDriver: chrome on windows (ee44fd4731ff32a6de98b82367b7e5b8)] -> xpath: //h4/a]
2023-12-19 18:12:33 INFO  ProductPage :55 - Verify Product name : [[ChromeDriver: chrome on windows (ee44fd4731ff32a6de98b82367b7e5b8)] -> css selector: div[id='content'] h1]
2023-12-19 18:12:401 INFO  ShoppingCartPage :51 - Checking for shopping cart text : [[ChromeDriver: chrome on windows (ee44fd4731ff32a6de98b82367b7e5b8)] -> xpath: //div[@id='content']//h1]
2023-12-19 18:12:457 INFO  ShoppingCartPage :56 - Getting product name text in shopping cart : [[ChromeDriver: chrome on windows (ee44fd4731ff32a6de98b82367b7e5b8)] -> xpath: //div[@class = 'table-responsive']/table/tbody/tr/td[2]/a]
2023-12-19 18:12:514 INFO  ShoppingCartPage :66 - Getting model details in shopping cart : [[ChromeDriver: chrome on windows (ee44fd4731ff32a6de98b82367b7e5b8)] -> xpath: //div[@class = 'table-responsive']/table/tbody/tr/td[3]]
2023-12-19 18:12:571 INFO  ShoppingCartPage :71 - Getting total amount in shopping cart : [[ChromeDriver: chrome on windows (ee44fd4731ff32a6de98b82367b7e5b8)] -> xpath: //div[@class = 'table-responsive']/table/tbody/tr/td[6]]
2023-12-19 18:12:197 INFO  HomePage :70 - Clicking on currency selector : [[ChromeDriver: chrome on windows (8885378b02240a60166890dacd689ed1)] -> xpath: //span[normalize-space()='Currency']]
2023-12-19 18:12:05 INFO  HomePage :72 - Clicking on currency GBP : [[ChromeDriver: chrome on windows (8885378b02240a60166890dacd689ed1)] -> xpath: //button[normalize-space()='£Pound Sterling']]
2023-12-19 18:12:173 INFO  HomePage :94 - Hovering mouse and clicking on Desktops tab : [[ChromeDriver: chrome on windows (8885378b02240a60166890dacd689ed1)] -> xpath: //a[@class='dropdown-toggle'][normalize-space()='Desktops']]
2023-12-19 18:12:197 INFO  HomePage :78 - Hovering mouse and Clicking on show all desktops : [[ChromeDriver: chrome on windows (8885378b02240a60166890dacd689ed1)] -> xpath: //a[normalize-space()='Show AllDesktops']]
2023-12-19 18:12:276 INFO  DesktopPage :43 - Clicking on sort by  option tab : [[ChromeDriver: chrome on windows (8885378b02240a60166890dacd689ed1)] -> id: input-sort]
2023-12-19 18:12:860 INFO  DesktopPage :48 - Selecting sort by (A to Z) option : [[ChromeDriver: chrome on windows (8885378b02240a60166890dacd689ed1)] -> id: input-sort]
2023-12-19 18:12:928 INFO  DesktopPage :98 - List Of Product : [[ChromeDriver: chrome on windows (8885378b02240a60166890dacd689ed1)] -> xpath: //h4/a]
2023-12-19 18:12:956 INFO  ProductPage :55 - Verify Product name : [[ChromeDriver: chrome on windows (8885378b02240a60166890dacd689ed1)] -> css selector: div[id='content'] h1]
2023-12-19 18:12:158 INFO  ShoppingCartPage :51 - Checking for shopping cart text : [[ChromeDriver: chrome on windows (8885378b02240a60166890dacd689ed1)] -> xpath: //div[@id='content']//h1]
2023-12-19 18:12:203 INFO  ShoppingCartPage :56 - Getting product name text in shopping cart : [[ChromeDriver: chrome on windows (8885378b02240a60166890dacd689ed1)] -> xpath: //div[@class = 'table-responsive']/table/tbody/tr/td[2]/a]
2023-12-19 18:12:256 INFO  ShoppingCartPage :66 - Getting model details in shopping cart : [[ChromeDriver: chrome on windows (8885378b02240a60166890dacd689ed1)] -> xpath: //div[@class = 'table-responsive']/table/tbody/tr/td[3]]
2023-12-19 18:12:307 INFO  ShoppingCartPage :71 - Getting total amount in shopping cart : [[ChromeDriver: chrome on windows (8885378b02240a60166890dacd689ed1)] -> xpath: //div[@class = 'table-responsive']/table/tbody/tr/td[6]]
2023-12-19 18:12:904 INFO  HomePage :70 - Clicking on currency selector : [[ChromeDriver: chrome on windows (b98fb586ae969e526f324a977bf94050)] -> xpath: //span[normalize-space()='Currency']]
2023-12-19 18:12:76 INFO  HomePage :72 - Clicking on currency GBP : [[ChromeDriver: chrome on windows (b98fb586ae969e526f324a977bf94050)] -> xpath: //button[normalize-space()='£Pound Sterling']]
2023-12-19 18:12:275 INFO  HomePage :94 - Hovering mouse and clicking on Desktops tab : [[ChromeDriver: chrome on windows (b98fb586ae969e526f324a977bf94050)] -> xpath: //a[@class='dropdown-toggle'][normalize-space()='Desktops']]
2023-12-19 18:12:705 INFO  HomePage :78 - Hovering mouse and Clicking on show all desktops : [[ChromeDriver: chrome on windows (b98fb586ae969e526f324a977bf94050)] -> xpath: //a[normalize-space()='Show AllDesktops']]
2023-12-19 18:12:841 INFO  DesktopPage :43 - Clicking on sort by  option tab : [[ChromeDriver: chrome on windows (b98fb586ae969e526f324a977bf94050)] -> id: input-sort]
2023-12-19 18:12:481 INFO  DesktopPage :48 - Selecting sort by (A to Z) option : [[ChromeDriver: chrome on windows (b98fb586ae969e526f324a977bf94050)] -> id: input-sort]
2023-12-19 18:12:801 INFO  DesktopPage :98 - List Of Product : [[ChromeDriver: chrome on windows (b98fb586ae969e526f324a977bf94050)] -> xpath: //h4/a]
2023-12-19 18:12:831 INFO  ProductPage :55 - Verify Product name : [[ChromeDriver: chrome on windows (b98fb586ae969e526f324a977bf94050)] -> css selector: div[id='content'] h1]
2023-12-19 18:12:149 INFO  ShoppingCartPage :51 - Checking for shopping cart text : [[ChromeDriver: chrome on windows (b98fb586ae969e526f324a977bf94050)] -> xpath: //div[@id='content']//h1]
2023-12-19 18:12:205 INFO  ShoppingCartPage :56 - Getting product name text in shopping cart : [[ChromeDriver: chrome on windows (b98fb586ae969e526f324a977bf94050)] -> xpath: //div[@class = 'table-responsive']/table/tbody/tr/td[2]/a]
2023-12-19 18:12:254 INFO  ShoppingCartPage :66 - Getting model details in shopping cart : [[ChromeDriver: chrome on windows (b98fb586ae969e526f324a977bf94050)] -> xpath: //div[@class = 'table-responsive']/table/tbody/tr/td[3]]
2023-12-19 18:12:299 INFO  ShoppingCartPage :71 - Getting total amount in shopping cart : [[ChromeDriver: chrome on windows (b98fb586ae969e526f324a977bf94050)] -> xpath: //div[@class = 'table-responsive']/table/tbody/tr/td[6]]
2023-12-19 18:12:676 INFO  HomePage :70 - Clicking on currency selector : [[ChromeDriver: chrome on windows (d66aa01622683f440afa50a8619c07e6)] -> xpath: //span[normalize-space()='Currency']]
2023-12-19 18:12:04 INFO  HomePage :72 - Clicking on currency GBP : [[ChromeDriver: chrome on windows (d66aa01622683f440afa50a8619c07e6)] -> xpath: //button[normalize-space()='£Pound Sterling']]
2023-12-19 18:12:189 INFO  HomePage :94 - Hovering mouse and clicking on Desktops tab : [[ChromeDriver: chrome on windows (d66aa01622683f440afa50a8619c07e6)] -> xpath: //a[@class='dropdown-toggle'][normalize-space()='Desktops']]
2023-12-19 18:12:760 INFO  HomePage :78 - Hovering mouse and Clicking on show all desktops : [[ChromeDriver: chrome on windows (d66aa01622683f440afa50a8619c07e6)] -> xpath: //a[normalize-space()='Show AllDesktops']]
2023-12-19 18:12:940 INFO  DesktopPage :43 - Clicking on sort by  option tab : [[ChromeDriver: chrome on windows (d66aa01622683f440afa50a8619c07e6)] -> id: input-sort]
2023-12-19 18:12:575 INFO  DesktopPage :48 - Selecting sort by (A to Z) option : [[ChromeDriver: chrome on windows (d66aa01622683f440afa50a8619c07e6)] -> id: input-sort]
2023-12-19 18:12:604 INFO  DesktopPage :98 - List Of Product : [[ChromeDriver: chrome on windows (d66aa01622683f440afa50a8619c07e6)] -> xpath: //h4/a]
2023-12-19 18:12:634 INFO  ProductPage :55 - Verify Product name : [[ChromeDriver: chrome on windows (d66aa01622683f440afa50a8619c07e6)] -> css selector: div[id='content'] h1]
2023-12-19 18:12:962 INFO  ShoppingCartPage :51 - Checking for shopping cart text : [[ChromeDriver: chrome on windows (d66aa01622683f440afa50a8619c07e6)] -> xpath: //div[@id='content']//h1]
2023-12-19 18:12:09 INFO  ShoppingCartPage :56 - Getting product name text in shopping cart : [[ChromeDriver: chrome on windows (d66aa01622683f440afa50a8619c07e6)] -> xpath: //div[@class = 'table-responsive']/table/tbody/tr/td[2]/a]
2023-12-19 18:12:67 INFO  ShoppingCartPage :66 - Getting model details in shopping cart : [[ChromeDriver: chrome on windows (d66aa01622683f440afa50a8619c07e6)] -> xpath: //div[@class = 'table-responsive']/table/tbody/tr/td[3]]
2023-12-19 18:12:117 INFO  ShoppingCartPage :71 - Getting total amount in shopping cart : [[ChromeDriver: chrome on windows (d66aa01622683f440afa50a8619c07e6)] -> xpath: //div[@class = 'table-responsive']/table/tbody/tr/td[6]]
2023-12-19 18:12:330 INFO  HomePage :99 - Hovering mouse and clicking on Laptops and Notebooks tab : [[ChromeDriver: chrome on windows (dffa320a6346663b137cff074ca16a4f)] -> xpath: //a[normalize-space()='Laptops & Notebooks']]
2023-12-19 18:12:490 INFO  HomePage :82 - Hovering mouse and Clicking on show all Laptops and Notebooks : [[ChromeDriver: chrome on windows (dffa320a6346663b137cff074ca16a4f)] -> xpath: //a[normalize-space()='Show AllLaptops & Notebooks']]
2023-12-19 18:12:615 INFO  LaptopAndNoteBookPage :54 - Clicking on SortBy filter drop down : [[ChromeDriver: chrome on windows (dffa320a6346663b137cff074ca16a4f)] -> id: input-sort]
2023-12-19 18:12:252 INFO  LaptopAndNoteBookPage :58 - Selecting sort by Price(High>Low) option : [[ChromeDriver: chrome on windows (dffa320a6346663b137cff074ca16a4f)] -> id: input-sort]
2023-12-19 18:12:393 INFO  LaptopAndNoteBookPage :68 - Taking actual sorted product prices : [[[ChromeDriver: chrome on windows (dffa320a6346663b137cff074ca16a4f)] -> xpath: //p[@class ='price']], [[ChromeDriver: chrome on windows (dffa320a6346663b137cff074ca16a4f)] -> xpath: //p[@class ='price']], [[ChromeDriver: chrome on windows (dffa320a6346663b137cff074ca16a4f)] -> xpath: //p[@class ='price']], [[ChromeDriver: chrome on windows (dffa320a6346663b137cff074ca16a4f)] -> xpath: //p[@class ='price']], [[ChromeDriver: chrome on windows (dffa320a6346663b137cff074ca16a4f)] -> xpath: //p[@class ='price']]]
2023-12-19 18:12:512 INFO  LaptopAndNoteBookPage :81 - Taking the prices and sorting is by collection.sort : [[[ChromeDriver: chrome on windows (dffa320a6346663b137cff074ca16a4f)] -> xpath: //p[@class ='price']], [[ChromeDriver: chrome on windows (dffa320a6346663b137cff074ca16a4f)] -> xpath: //p[@class ='price']], [[ChromeDriver: chrome on windows (dffa320a6346663b137cff074ca16a4f)] -> xpath: //p[@class ='price']], [[ChromeDriver: chrome on windows (dffa320a6346663b137cff074ca16a4f)] -> xpath: //p[@class ='price']], [[ChromeDriver: chrome on windows (dffa320a6346663b137cff074ca16a4f)] -> xpath: //p[@class ='price']]]
2023-12-19 18:12:657 INFO  HomePage :99 - Hovering mouse and clicking on Laptops and Notebooks tab : [[ChromeDriver: chrome on windows (5041fcd6a99aa4351ea4e217f80aa92b)] -> xpath: //a[normalize-space()='Laptops & Notebooks']]
2023-12-19 18:12:808 INFO  HomePage :82 - Hovering mouse and Clicking on show all Laptops and Notebooks : [[ChromeDriver: chrome on windows (5041fcd6a99aa4351ea4e217f80aa92b)] -> xpath: //a[normalize-space()='Show AllLaptops & Notebooks']]
2023-12-19 18:12:888 INFO  LaptopAndNoteBookPage :54 - Clicking on SortBy filter drop down : [[ChromeDriver: chrome on windows (5041fcd6a99aa4351ea4e217f80aa92b)] -> id: input-sort]
2023-12-19 18:12:481 INFO  LaptopAndNoteBookPage :58 - Selecting sort by Price(High>Low) option : [[ChromeDriver: chrome on windows (5041fcd6a99aa4351ea4e217f80aa92b)] -> id: input-sort]
2023-12-19 18:12:133 INFO  LaptopAndNoteBookPage :87 - Clicking on MacBook product link : [[ChromeDriver: chrome on windows (5041fcd6a99aa4351ea4e217f80aa92b)] -> link text: MacBook]
2023-12-19 18:12:162 INFO  MacBookPage :31 - Getting text from macbook page : [[ChromeDriver: chrome on windows (5041fcd6a99aa4351ea4e217f80aa92b)] -> xpath: //h1[contains(text(),'MacBook')]]
2023-12-19 18:12:279 INFO  MacBookPage :37 - Clicking on add to cart : [[ChromeDriver: chrome on windows (5041fcd6a99aa4351ea4e217f80aa92b)] -> xpath: //button[@id='button-cart']]
2023-12-19 18:12:706 INFO  MacBookPage :41 - Checking for product added to cart successfully : [[ChromeDriver: chrome on windows (5041fcd6a99aa4351ea4e217f80aa92b)] -> css selector: body:nth-child(2) div.container:nth-child(4) > div.alert.alert-success.alert-dismissible]
2023-12-19 18:12:237 INFO  MacBookPage :47 - Clicking on shopping cart : [[ChromeDriver: chrome on windows (5041fcd6a99aa4351ea4e217f80aa92b)] -> xpath: //div[@class='alert alert-success alert-dismissible']/a[2]]
2023-12-19 18:12:261 INFO  ShoppingCartPage :51 - Checking for shopping cart text : [[ChromeDriver: chrome on windows (5041fcd6a99aa4351ea4e217f80aa92b)] -> xpath: //div[@id='content']//h1]
2023-12-19 18:12:308 INFO  ShoppingCartPage :56 - Getting product name text in shopping cart : [[ChromeDriver: chrome on windows (5041fcd6a99aa4351ea4e217f80aa92b)] -> xpath: //div[@class = 'table-responsive']/table/tbody/tr/td[2]/a]
2023-12-19 18:12:511 INFO  ShoppingCartPage :78 - Sending quantity to quantity box in shopping cart : [[ChromeDriver: chrome on windows (5041fcd6a99aa4351ea4e217f80aa92b)] -> xpath: //div[@class='input-group btn-block']/input[@type='text']]
2023-12-19 18:12:366 INFO  ShoppingCartPage :83 - Clicking on refresh button : [[ChromeDriver: chrome on windows (5041fcd6a99aa4351ea4e217f80aa92b)] -> xpath: //i[@class = 'fa fa-refresh']]
2023-12-19 18:12:396 INFO  ShoppingCartPage :87 - Checking for success message after refreshing the product : [[ChromeDriver: chrome on windows (5041fcd6a99aa4351ea4e217f80aa92b)] -> xpath: //div[@id='checkout-cart']/div[1]]
2023-12-19 18:12:448 INFO  ShoppingCartPage :71 - Getting total amount in shopping cart : [[ChromeDriver: chrome on windows (5041fcd6a99aa4351ea4e217f80aa92b)] -> xpath: //div[@class = 'table-responsive']/table/tbody/tr/td[6]]
2023-12-19 18:12:48 INFO  ShoppingCartPage :93 - Clicking on logout button : Proxy element for: DefaultElementLocator 'By.xpath: //i[@class = 'fa fa-refresh']'
2023-12-19 18:12:81 INFO  CheckOutPage :87 - Getting text from checkout page : [[ChromeDriver: chrome on windows (5041fcd6a99aa4351ea4e217f80aa92b)] -> xpath: //h1[contains(text(),'Checkout')]]
2023-12-19 18:12:111 INFO  CheckOutPage :92 - Getting New Customer text : [[ChromeDriver: chrome on windows (5041fcd6a99aa4351ea4e217f80aa92b)] -> xpath: //h2[contains(text(),'New Customer')]]
2023-12-19 18:12:219 INFO  CheckOutPage :98 - Clicking on Guest checkout radio button : [[ChromeDriver: chrome on windows (5041fcd6a99aa4351ea4e217f80aa92b)] -> xpath: //div[@id='checkout-checkout']//input[@value='guest']]
2023-12-19 18:12:301 INFO  CheckOutPage :103 - Clicking on continue button : [[ChromeDriver: chrome on windows (5041fcd6a99aa4351ea4e217f80aa92b)] -> xpath: //input[@id='button-account']]
2023-12-19 18:12:704 INFO  CheckOutPage :118 - Sending firstname to billing details : [[ChromeDriver: chrome on windows (5041fcd6a99aa4351ea4e217f80aa92b)] -> id: input-payment-firstname]
2023-12-19 18:12:839 INFO  CheckOutPage :123 - Sending lastname to billing details : [[ChromeDriver: chrome on windows (5041fcd6a99aa4351ea4e217f80aa92b)] -> id: input-payment-lastname]
2023-12-19 18:12:972 INFO  CheckOutPage :128 - Sending email to billing details : [[ChromeDriver: chrome on windows (5041fcd6a99aa4351ea4e217f80aa92b)] -> id: input-payment-email]
2023-12-19 18:12:117 INFO  CheckOutPage :133 - Sending telephone to billing details : [[ChromeDriver: chrome on windows (5041fcd6a99aa4351ea4e217f80aa92b)] -> id: input-payment-telephone]
2023-12-19 18:12:270 INFO  CheckOutPage :138 - Sending address to billing details : [[ChromeDriver: chrome on windows (5041fcd6a99aa4351ea4e217f80aa92b)] -> id: input-payment-address-1]
2023-12-19 18:12:420 INFO  CheckOutPage :143 - Sending city to billing details : [[ChromeDriver: chrome on windows (5041fcd6a99aa4351ea4e217f80aa92b)] -> id: input-payment-city]
2023-12-19 18:12:555 INFO  CheckOutPage :148 - Sending postcode to billing details : [[ChromeDriver: chrome on windows (5041fcd6a99aa4351ea4e217f80aa92b)] -> id: input-payment-postcode]
2023-12-19 18:12:712 INFO  CheckOutPage :153 - Selecting country to billing details from dropdown : [[ChromeDriver: chrome on windows (5041fcd6a99aa4351ea4e217f80aa92b)] -> id: input-payment-country]
2023-12-19 18:12:886 INFO  CheckOutPage :158 - Selecting region to billing details from dropdown : [[ChromeDriver: chrome on windows (5041fcd6a99aa4351ea4e217f80aa92b)] -> id: input-payment-zone]
2023-12-19 18:12:986 INFO  CheckOutPage :108 - Clicking on continue button in billing details : [[ChromeDriver: chrome on windows (5041fcd6a99aa4351ea4e217f80aa92b)] -> xpath: //input[@id='button-guest']]
2023-12-19 18:12:464 INFO  CheckOutPage :163 - Sending comments to billing details : [[ChromeDriver: chrome on windows (5041fcd6a99aa4351ea4e217f80aa92b)] -> name: comment]
2023-12-19 18:12:653 INFO  CheckOutPage :168 - Clicking on terms and condition check box : [[ChromeDriver: chrome on windows (5041fcd6a99aa4351ea4e217f80aa92b)] -> xpath: //input[@name = 'agree']]
2023-12-19 18:12:787 INFO  CheckOutPage :113 - Clicking on continue button in comments details : [[ChromeDriver: chrome on windows (5041fcd6a99aa4351ea4e217f80aa92b)] -> id: button-payment-method]
2023-12-19 18:12:165 INFO  CheckOutPage :172 - Getting a payment method required warning message : [[ChromeDriver: chrome on windows (5041fcd6a99aa4351ea4e217f80aa92b)] -> xpath: //div[@class='alert alert-danger alert-dismissible']]
2023-12-19 18:12:661 INFO  HomePage :122 - Clicking on My Accounts Tab : [[ChromeDriver: chrome on windows (7de9b6a6eb75a85260ff02fa7c4c6083)] -> xpath: //span[contains(text(),'My Account')]]
2023-12-19 18:12:258 INFO  HomePage :126 - Getting text from Register Account : [[ChromeDriver: chrome on windows (7de9b6a6eb75a85260ff02fa7c4c6083)] -> xpath: //h1[contains(text(),'Register Account')]]
2023-12-19 18:12:544 INFO  HomePage :122 - Clicking on My Accounts Tab : [[ChromeDriver: chrome on windows (6540567a8c1ad4823c09edfa13c8f62b)] -> xpath: //span[contains(text(),'My Account')]]
2023-12-19 18:12:124 INFO  HomePage :131 - Getting text from Login Account : [[ChromeDriver: chrome on windows (6540567a8c1ad4823c09edfa13c8f62b)] -> xpath: //h2[contains(text(),'Returning Customer')]]
2023-12-19 18:12:553 INFO  HomePage :122 - Clicking on My Accounts Tab : [[ChromeDriver: chrome on windows (e4f75f3ce8e540c478fc35a6e397a3ac)] -> xpath: //span[contains(text(),'My Account')]]
2023-12-19 18:12:98 INFO  RegisterPage :53 - Sending firstname to register page : [[ChromeDriver: chrome on windows (e4f75f3ce8e540c478fc35a6e397a3ac)] -> name: firstname]
2023-12-19 18:12:245 INFO  RegisterPage :58 - Sending lastname to register page : [[ChromeDriver: chrome on windows (e4f75f3ce8e540c478fc35a6e397a3ac)] -> name: lastname]
2023-12-19 18:12:410 INFO  RegisterPage :63 - Sending email to register page : [[ChromeDriver: chrome on windows (e4f75f3ce8e540c478fc35a6e397a3ac)] -> name: email]
2023-12-19 18:12:543 INFO  RegisterPage :68 - Sending telephone to register page : [[ChromeDriver: chrome on windows (e4f75f3ce8e540c478fc35a6e397a3ac)] -> name: telephone]
2023-12-19 18:12:682 INFO  RegisterPage :73 - Sending password to register page : [[ChromeDriver: chrome on windows (e4f75f3ce8e540c478fc35a6e397a3ac)] -> name: password]
2023-12-19 18:12:830 INFO  RegisterPage :78 - Sending confirm password to register page : [[ChromeDriver: chrome on windows (e4f75f3ce8e540c478fc35a6e397a3ac)] -> name: confirm]
2023-12-19 18:12:945 INFO  RegisterPage :83 - Clicking on newsletter check box : [[ChromeDriver: chrome on windows (e4f75f3ce8e540c478fc35a6e397a3ac)] -> name: newsletter]
2023-12-19 18:12:55 INFO  RegisterPage :88 - Clicking on privacy policy check box : [[ChromeDriver: chrome on windows (e4f75f3ce8e540c478fc35a6e397a3ac)] -> name: agree]
2023-12-19 18:12:93 INFO  RegisterPage :93 - Clicking on continue button : [[ChromeDriver: chrome on windows (e4f75f3ce8e540c478fc35a6e397a3ac)] -> xpath: //input[@type='submit']]
2023-12-19 18:12:118 INFO  AccountCreationPage :24 - Getting account creation text Proxy element for: DefaultElementLocator 'By.xpath: //h1[normalize-space()='Your Account Has Been Created!']'
2023-12-19 18:12:538 INFO  HomePage :122 - Clicking on My Accounts Tab : [[ChromeDriver: chrome on windows (7c72e5a59b86dedcdaa015992c1e8ddc)] -> xpath: //span[contains(text(),'My Account')]]
2023-12-19 18:12:211 INFO  LoginPage :28 - Sending email to login page: [[ChromeDriver: chrome on windows (7c72e5a59b86dedcdaa015992c1e8ddc)] -> name: email]
2023-12-19 18:12:294 INFO  LoginPage :33 - Sending password to login page: [[ChromeDriver: chrome on windows (7c72e5a59b86dedcdaa015992c1e8ddc)] -> name: password]
2023-12-19 18:12:122 INFO  LoginPage :38 - Clicking on login button: [[ChromeDriver: chrome on windows (7c72e5a59b86dedcdaa015992c1e8ddc)] -> xpath: //input[@value='Login']]
2023-12-19 18:12:141 INFO  AccountPage :55 - Getting text from my account : [[ChromeDriver: chrome on windows (7c72e5a59b86dedcdaa015992c1e8ddc)] -> xpath: //div[@id='content']/h2[text()='My Account']]
2023-12-19 18:12:239 INFO  AccountPage :46 - Clicking on My Account link : [[ChromeDriver: chrome on windows (7c72e5a59b86dedcdaa015992c1e8ddc)] -> xpath: //a[@title='My Account']]
2023-12-19 18:12:73 INFO  LogoutPage :19 - Getting text from logout page : [[ChromeDriver: chrome on windows (7c72e5a59b86dedcdaa015992c1e8ddc)] -> xpath: //h1[contains(text(),'Account Logout')]]
2023-12-19 18:12:115 INFO  AccountCreationPage :29 - Clicking on continue after account button [[ChromeDriver: chrome on windows (7c72e5a59b86dedcdaa015992c1e8ddc)] -> xpath: //a[text()='Continue']]
2023-12-19 18:12:159 INFO  HomePage :94 - Hovering mouse and clicking on Desktops tab : [[ChromeDriver: chrome on windows (bee608fb0f5e97c78752757319baee57)] -> xpath: //a[@class='dropdown-toggle'][normalize-space()='Desktops']]
2023-12-19 18:12:547 INFO  HomePage :78 - Hovering mouse and Clicking on show all desktops : [[ChromeDriver: chrome on windows (bee608fb0f5e97c78752757319baee57)] -> xpath: //a[normalize-space()='Show AllDesktops']]
2023-12-19 18:12:574 INFO  DesktopPage :37 - Getting text from desktops page : [[ChromeDriver: chrome on windows (bee608fb0f5e97c78752757319baee57)] -> xpath: //h2[contains(text(),'Desktops')]]
2023-12-19 18:12:169 INFO  HomePage :99 - Hovering mouse and clicking on Laptops and Notebooks tab : [[ChromeDriver: chrome on windows (0ab1e4995546c2bb0add019372c05b81)] -> xpath: //a[normalize-space()='Laptops & Notebooks']]
2023-12-19 18:12:329 INFO  HomePage :82 - Hovering mouse and Clicking on show all Laptops and Notebooks : [[ChromeDriver: chrome on windows (0ab1e4995546c2bb0add019372c05b81)] -> xpath: //a[normalize-space()='Show AllLaptops & Notebooks']]
2023-12-19 18:12:361 INFO  LaptopAndNoteBookPage :35 - Getting text from Laptops and Notebooks page : [[ChromeDriver: chrome on windows (0ab1e4995546c2bb0add019372c05b81)] -> xpath: //h2[contains(text(),'Laptops & Notebooks')]]
2023-12-19 18:12:162 INFO  HomePage :104 - Hovering mouse and clicking on Components tab : [[ChromeDriver: chrome on windows (41748ec09ea0d5ba90148bad7d734e54)] -> xpath: //a[normalize-space()='Components']]
2023-12-19 18:12:00 INFO  HomePage :86 - Hovering mouse and Clicking on show all Components : [[ChromeDriver: chrome on windows (41748ec09ea0d5ba90148bad7d734e54)] -> xpath: //a[normalize-space()='Components']]
2023-12-19 18:12:22 INFO  ComponentsPage :19 - Getting text from components page : [[ChromeDriver: chrome on windows (41748ec09ea0d5ba90148bad7d734e54)] -> xpath: //h2[contains(text(),'Components')]]
2023-12-19 18:12:445 INFO  HomePage :94 - Hovering mouse and clicking on Desktops tab : [[ChromeDriver: chrome on windows (36666e7fbe86e717811ef9924230390e)] -> xpath: //a[@class='dropdown-toggle'][normalize-space()='Desktops']]
2023-12-19 18:12:297 INFO  HomePage :78 - Hovering mouse and Clicking on show all desktops : [[ChromeDriver: chrome on windows (36666e7fbe86e717811ef9924230390e)] -> xpath: //a[normalize-space()='Show AllDesktops']]
2023-12-19 18:12:353 INFO  DesktopPage :43 - Clicking on sort by  option tab : [[ChromeDriver: chrome on windows (36666e7fbe86e717811ef9924230390e)] -> id: input-sort]
2023-12-19 18:12:760 INFO  DesktopPage :48 - Selecting sort by (A to Z) option : [[ChromeDriver: chrome on windows (36666e7fbe86e717811ef9924230390e)] -> id: input-sort]
2023-12-19 18:12:18 INFO  HomePage :70 - Clicking on currency selector : [[ChromeDriver: chrome on windows (d8c771f303116a906a7ab12c0a2e84bc)] -> xpath: //span[normalize-space()='Currency']]
2023-12-19 18:12:506 INFO  HomePage :72 - Clicking on currency GBP : [[ChromeDriver: chrome on windows (d8c771f303116a906a7ab12c0a2e84bc)] -> xpath: //button[normalize-space()='£Pound Sterling']]
2023-12-19 18:12:669 INFO  HomePage :94 - Hovering mouse and clicking on Desktops tab : [[ChromeDriver: chrome on windows (d8c771f303116a906a7ab12c0a2e84bc)] -> xpath: //a[@class='dropdown-toggle'][normalize-space()='Desktops']]
2023-12-19 18:12:276 INFO  HomePage :78 - Hovering mouse and Clicking on show all desktops : [[ChromeDriver: chrome on windows (d8c771f303116a906a7ab12c0a2e84bc)] -> xpath: //a[normalize-space()='Show AllDesktops']]
2023-12-19 18:12:347 INFO  DesktopPage :43 - Clicking on sort by  option tab : [[ChromeDriver: chrome on windows (d8c771f303116a906a7ab12c0a2e84bc)] -> id: input-sort]
2023-12-19 18:12:754 INFO  DesktopPage :48 - Selecting sort by (A to Z) option : [[ChromeDriver: chrome on windows (d8c771f303116a906a7ab12c0a2e84bc)] -> id: input-sort]
2023-12-19 18:12:323 INFO  DesktopPage :98 - List Of Product : [[ChromeDriver: chrome on windows (d8c771f303116a906a7ab12c0a2e84bc)] -> xpath: //h4/a]
2023-12-19 18:12:341 INFO  ProductPage :55 - Verify Product name : [[ChromeDriver: chrome on windows (d8c771f303116a906a7ab12c0a2e84bc)] -> css selector: div[id='content'] h1]
2023-12-19 18:12:68 INFO  ShoppingCartPage :51 - Checking for shopping cart text : [[ChromeDriver: chrome on windows (d8c771f303116a906a7ab12c0a2e84bc)] -> xpath: //div[@id='content']//h1]
2023-12-19 18:12:93 INFO  ShoppingCartPage :56 - Getting product name text in shopping cart : [[ChromeDriver: chrome on windows (d8c771f303116a906a7ab12c0a2e84bc)] -> xpath: //div[@class = 'table-responsive']/table/tbody/tr/td[2]/a]
2023-12-19 18:12:110 INFO  ShoppingCartPage :66 - Getting model details in shopping cart : [[ChromeDriver: chrome on windows (d8c771f303116a906a7ab12c0a2e84bc)] -> xpath: //div[@class = 'table-responsive']/table/tbody/tr/td[3]]
2023-12-19 18:12:124 INFO  ShoppingCartPage :71 - Getting total amount in shopping cart : [[ChromeDriver: chrome on windows (d8c771f303116a906a7ab12c0a2e84bc)] -> xpath: //div[@class = 'table-responsive']/table/tbody/tr/td[6]]
2023-12-19 18:12:430 INFO  HomePage :70 - Clicking on currency selector : [[ChromeDriver: chrome on windows (68f49844801e6e8fe9c1990eb6037627)] -> xpath: //span[normalize-space()='Currency']]
2023-12-19 18:12:957 INFO  HomePage :72 - Clicking on currency GBP : [[ChromeDriver: chrome on windows (68f49844801e6e8fe9c1990eb6037627)] -> xpath: //button[normalize-space()='£Pound Sterling']]
2023-12-19 18:12:107 INFO  HomePage :94 - Hovering mouse and clicking on Desktops tab : [[ChromeDriver: chrome on windows (68f49844801e6e8fe9c1990eb6037627)] -> xpath: //a[@class='dropdown-toggle'][normalize-space()='Desktops']]
2023-12-19 18:12:969 INFO  HomePage :78 - Hovering mouse and Clicking on show all desktops : [[ChromeDriver: chrome on windows (68f49844801e6e8fe9c1990eb6037627)] -> xpath: //a[normalize-space()='Show AllDesktops']]
2023-12-19 18:12:20 INFO  DesktopPage :43 - Clicking on sort by  option tab : [[ChromeDriver: chrome on windows (68f49844801e6e8fe9c1990eb6037627)] -> id: input-sort]
2023-12-19 18:12:431 INFO  DesktopPage :48 - Selecting sort by (A to Z) option : [[ChromeDriver: chrome on windows (68f49844801e6e8fe9c1990eb6037627)] -> id: input-sort]
2023-12-19 18:12:175 INFO  DesktopPage :98 - List Of Product : [[ChromeDriver: chrome on windows (68f49844801e6e8fe9c1990eb6037627)] -> xpath: //h4/a]
2023-12-19 18:12:193 INFO  ProductPage :55 - Verify Product name : [[ChromeDriver: chrome on windows (68f49844801e6e8fe9c1990eb6037627)] -> css selector: div[id='content'] h1]
2023-12-19 18:12:977 INFO  ShoppingCartPage :51 - Checking for shopping cart text : [[ChromeDriver: chrome on windows (68f49844801e6e8fe9c1990eb6037627)] -> xpath: //div[@id='content']//h1]
2023-12-19 18:12:999 INFO  ShoppingCartPage :56 - Getting product name text in shopping cart : [[ChromeDriver: chrome on windows (68f49844801e6e8fe9c1990eb6037627)] -> xpath: //div[@class = 'table-responsive']/table/tbody/tr/td[2]/a]
2023-12-19 18:12:16 INFO  ShoppingCartPage :66 - Getting model details in shopping cart : [[ChromeDriver: chrome on windows (68f49844801e6e8fe9c1990eb6037627)] -> xpath: //div[@class = 'table-responsive']/table/tbody/tr/td[3]]
2023-12-19 18:12:30 INFO  ShoppingCartPage :71 - Getting total amount in shopping cart : [[ChromeDriver: chrome on windows (68f49844801e6e8fe9c1990eb6037627)] -> xpath: //div[@class = 'table-responsive']/table/tbody/tr/td[6]]
2023-12-19 18:12:127 INFO  HomePage :70 - Clicking on currency selector : [[ChromeDriver: chrome on windows (61f20dd15e8fc692da7b150f9790bdf5)] -> xpath: //span[normalize-space()='Currency']]
2023-12-19 18:12:571 INFO  HomePage :72 - Clicking on currency GBP : [[ChromeDriver: chrome on windows (61f20dd15e8fc692da7b150f9790bdf5)] -> xpath: //button[normalize-space()='£Pound Sterling']]
2023-12-19 18:12:768 INFO  HomePage :94 - Hovering mouse and clicking on Desktops tab : [[ChromeDriver: chrome on windows (61f20dd15e8fc692da7b150f9790bdf5)] -> xpath: //a[@class='dropdown-toggle'][normalize-space()='Desktops']]
2023-12-19 18:12:543 INFO  HomePage :78 - Hovering mouse and Clicking on show all desktops : [[ChromeDriver: chrome on windows (61f20dd15e8fc692da7b150f9790bdf5)] -> xpath: //a[normalize-space()='Show AllDesktops']]
2023-12-19 18:12:591 INFO  DesktopPage :43 - Clicking on sort by  option tab : [[ChromeDriver: chrome on windows (61f20dd15e8fc692da7b150f9790bdf5)] -> id: input-sort]
2023-12-19 18:12:965 INFO  DesktopPage :48 - Selecting sort by (A to Z) option : [[ChromeDriver: chrome on windows (61f20dd15e8fc692da7b150f9790bdf5)] -> id: input-sort]
2023-12-19 18:12:671 INFO  DesktopPage :98 - List Of Product : [[ChromeDriver: chrome on windows (61f20dd15e8fc692da7b150f9790bdf5)] -> xpath: //h4/a]
2023-12-19 18:12:680 INFO  ProductPage :55 - Verify Product name : [[ChromeDriver: chrome on windows (61f20dd15e8fc692da7b150f9790bdf5)] -> css selector: div[id='content'] h1]
2023-12-19 18:12:423 INFO  ShoppingCartPage :51 - Checking for shopping cart text : [[ChromeDriver: chrome on windows (61f20dd15e8fc692da7b150f9790bdf5)] -> xpath: //div[@id='content']//h1]
2023-12-19 18:12:440 INFO  ShoppingCartPage :56 - Getting product name text in shopping cart : [[ChromeDriver: chrome on windows (61f20dd15e8fc692da7b150f9790bdf5)] -> xpath: //div[@class = 'table-responsive']/table/tbody/tr/td[2]/a]
2023-12-19 18:12:456 INFO  ShoppingCartPage :66 - Getting model details in shopping cart : [[ChromeDriver: chrome on windows (61f20dd15e8fc692da7b150f9790bdf5)] -> xpath: //div[@class = 'table-responsive']/table/tbody/tr/td[3]]
2023-12-19 18:12:470 INFO  ShoppingCartPage :71 - Getting total amount in shopping cart : [[ChromeDriver: chrome on windows (61f20dd15e8fc692da7b150f9790bdf5)] -> xpath: //div[@class = 'table-responsive']/table/tbody/tr/td[6]]
2023-12-19 18:12:508 INFO  HomePage :70 - Clicking on currency selector : [[ChromeDriver: chrome on windows (32e9c7bfadcbb2c899c0bb0977b64974)] -> xpath: //span[normalize-space()='Currency']]
2023-12-19 18:12:974 INFO  HomePage :72 - Clicking on currency GBP : [[ChromeDriver: chrome on windows (32e9c7bfadcbb2c899c0bb0977b64974)] -> xpath: //button[normalize-space()='£Pound Sterling']]
2023-12-19 18:12:138 INFO  HomePage :94 - Hovering mouse and clicking on Desktops tab : [[ChromeDriver: chrome on windows (32e9c7bfadcbb2c899c0bb0977b64974)] -> xpath: //a[@class='dropdown-toggle'][normalize-space()='Desktops']]
2023-12-19 18:12:877 INFO  HomePage :78 - Hovering mouse and Clicking on show all desktops : [[ChromeDriver: chrome on windows (32e9c7bfadcbb2c899c0bb0977b64974)] -> xpath: //a[normalize-space()='Show AllDesktops']]
2023-12-19 18:12:930 INFO  DesktopPage :43 - Clicking on sort by  option tab : [[ChromeDriver: chrome on windows (32e9c7bfadcbb2c899c0bb0977b64974)] -> id: input-sort]
2023-12-19 18:12:283 INFO  DesktopPage :48 - Selecting sort by (A to Z) option : [[ChromeDriver: chrome on windows (32e9c7bfadcbb2c899c0bb0977b64974)] -> id: input-sort]
2023-12-19 18:12:955 INFO  DesktopPage :98 - List Of Product : [[ChromeDriver: chrome on windows (32e9c7bfadcbb2c899c0bb0977b64974)] -> xpath: //h4/a]
2023-12-19 18:12:973 INFO  ProductPage :55 - Verify Product name : [[ChromeDriver: chrome on windows (32e9c7bfadcbb2c899c0bb0977b64974)] -> css selector: div[id='content'] h1]
2023-12-19 18:12:668 INFO  ShoppingCartPage :51 - Checking for shopping cart text : [[ChromeDriver: chrome on windows (32e9c7bfadcbb2c899c0bb0977b64974)] -> xpath: //div[@id='content']//h1]
2023-12-19 18:12:686 INFO  ShoppingCartPage :56 - Getting product name text in shopping cart : [[ChromeDriver: chrome on windows (32e9c7bfadcbb2c899c0bb0977b64974)] -> xpath: //div[@class = 'table-responsive']/table/tbody/tr/td[2]/a]
2023-12-19 18:12:702 INFO  ShoppingCartPage :66 - Getting model details in shopping cart : [[ChromeDriver: chrome on windows (32e9c7bfadcbb2c899c0bb0977b64974)] -> xpath: //div[@class = 'table-responsive']/table/tbody/tr/td[3]]
2023-12-19 18:12:715 INFO  ShoppingCartPage :71 - Getting total amount in shopping cart : [[ChromeDriver: chrome on windows (32e9c7bfadcbb2c899c0bb0977b64974)] -> xpath: //div[@class = 'table-responsive']/table/tbody/tr/td[6]]
2023-12-19 18:12:994 INFO  HomePage :70 - Clicking on currency selector : [[ChromeDriver: chrome on windows (58421a95a90aa8e99d15a64b918928e6)] -> xpath: //span[normalize-space()='Currency']]
2023-12-19 18:12:507 INFO  HomePage :72 - Clicking on currency GBP : [[ChromeDriver: chrome on windows (58421a95a90aa8e99d15a64b918928e6)] -> xpath: //button[normalize-space()='£Pound Sterling']]
2023-12-19 18:12:669 INFO  HomePage :94 - Hovering mouse and clicking on Desktops tab : [[ChromeDriver: chrome on windows (58421a95a90aa8e99d15a64b918928e6)] -> xpath: //a[@class='dropdown-toggle'][normalize-space()='Desktops']]
2023-12-19 18:12:485 INFO  HomePage :78 - Hovering mouse and Clicking on show all desktops : [[ChromeDriver: chrome on windows (58421a95a90aa8e99d15a64b918928e6)] -> xpath: //a[normalize-space()='Show AllDesktops']]
2023-12-19 18:12:533 INFO  DesktopPage :43 - Clicking on sort by  option tab : [[ChromeDriver: chrome on windows (58421a95a90aa8e99d15a64b918928e6)] -> id: input-sort]
2023-12-19 18:12:905 INFO  DesktopPage :48 - Selecting sort by (A to Z) option : [[ChromeDriver: chrome on windows (58421a95a90aa8e99d15a64b918928e6)] -> id: input-sort]
2023-12-19 18:12:666 INFO  DesktopPage :98 - List Of Product : [[ChromeDriver: chrome on windows (58421a95a90aa8e99d15a64b918928e6)] -> xpath: //h4/a]
2023-12-19 18:12:677 INFO  ProductPage :55 - Verify Product name : [[ChromeDriver: chrome on windows (58421a95a90aa8e99d15a64b918928e6)] -> css selector: div[id='content'] h1]
2023-12-19 18:12:458 INFO  ShoppingCartPage :51 - Checking for shopping cart text : [[ChromeDriver: chrome on windows (58421a95a90aa8e99d15a64b918928e6)] -> xpath: //div[@id='content']//h1]
2023-12-19 18:12:476 INFO  ShoppingCartPage :56 - Getting product name text in shopping cart : [[ChromeDriver: chrome on windows (58421a95a90aa8e99d15a64b918928e6)] -> xpath: //div[@class = 'table-responsive']/table/tbody/tr/td[2]/a]
2023-12-19 18:12:490 INFO  ShoppingCartPage :66 - Getting model details in shopping cart : [[ChromeDriver: chrome on windows (58421a95a90aa8e99d15a64b918928e6)] -> xpath: //div[@class = 'table-responsive']/table/tbody/tr/td[3]]
2023-12-19 18:12:506 INFO  ShoppingCartPage :71 - Getting total amount in shopping cart : [[ChromeDriver: chrome on windows (58421a95a90aa8e99d15a64b918928e6)] -> xpath: //div[@class = 'table-responsive']/table/tbody/tr/td[6]]
2023-12-19 18:12:511 INFO  HomePage :70 - Clicking on currency selector : [[ChromeDriver: chrome on windows (6ac4d4817b36aaeaefb2ad96ddcff5cf)] -> xpath: //span[normalize-space()='Currency']]
2023-12-19 18:12:976 INFO  HomePage :72 - Clicking on currency GBP : [[ChromeDriver: chrome on windows (6ac4d4817b36aaeaefb2ad96ddcff5cf)] -> xpath: //button[normalize-space()='£Pound Sterling']]
2023-12-19 18:12:135 INFO  HomePage :94 - Hovering mouse and clicking on Desktops tab : [[ChromeDriver: chrome on windows (6ac4d4817b36aaeaefb2ad96ddcff5cf)] -> xpath: //a[@class='dropdown-toggle'][normalize-space()='Desktops']]
2023-12-19 18:12:889 INFO  HomePage :78 - Hovering mouse and Clicking on show all desktops : [[ChromeDriver: chrome on windows (6ac4d4817b36aaeaefb2ad96ddcff5cf)] -> xpath: //a[normalize-space()='Show AllDesktops']]
2023-12-19 18:12:945 INFO  DesktopPage :43 - Clicking on sort by  option tab : [[ChromeDriver: chrome on windows (6ac4d4817b36aaeaefb2ad96ddcff5cf)] -> id: input-sort]
2023-12-19 18:12:292 INFO  DesktopPage :48 - Selecting sort by (A to Z) option : [[ChromeDriver: chrome on windows (6ac4d4817b36aaeaefb2ad96ddcff5cf)] -> id: input-sort]
2023-12-19 18:12:990 INFO  DesktopPage :98 - List Of Product : [[ChromeDriver: chrome on windows (6ac4d4817b36aaeaefb2ad96ddcff5cf)] -> xpath: //h4/a]
2023-12-19 18:12:02 INFO  ProductPage :55 - Verify Product name : [[ChromeDriver: chrome on windows (6ac4d4817b36aaeaefb2ad96ddcff5cf)] -> css selector: div[id='content'] h1]
2023-12-19 18:12:710 INFO  ShoppingCartPage :51 - Checking for shopping cart text : [[ChromeDriver: chrome on windows (6ac4d4817b36aaeaefb2ad96ddcff5cf)] -> xpath: //div[@id='content']//h1]
2023-12-19 18:12:729 INFO  ShoppingCartPage :56 - Getting product name text in shopping cart : [[ChromeDriver: chrome on windows (6ac4d4817b36aaeaefb2ad96ddcff5cf)] -> xpath: //div[@class = 'table-responsive']/table/tbody/tr/td[2]/a]
2023-12-19 18:12:746 INFO  ShoppingCartPage :66 - Getting model details in shopping cart : [[ChromeDriver: chrome on windows (6ac4d4817b36aaeaefb2ad96ddcff5cf)] -> xpath: //div[@class = 'table-responsive']/table/tbody/tr/td[3]]
2023-12-19 18:12:760 INFO  ShoppingCartPage :71 - Getting total amount in shopping cart : [[ChromeDriver: chrome on windows (6ac4d4817b36aaeaefb2ad96ddcff5cf)] -> xpath: //div[@class = 'table-responsive']/table/tbody/tr/td[6]]
2023-12-19 18:12:979 INFO  HomePage :99 - Hovering mouse and clicking on Laptops and Notebooks tab : [[ChromeDriver: chrome on windows (4436b2b9a21f7f024fa54946c3e4bf12)] -> xpath: //a[normalize-space()='Laptops & Notebooks']]
2023-12-19 18:12:558 INFO  HomePage :82 - Hovering mouse and Clicking on show all Laptops and Notebooks : [[ChromeDriver: chrome on windows (4436b2b9a21f7f024fa54946c3e4bf12)] -> xpath: //a[normalize-space()='Show AllLaptops & Notebooks']]
2023-12-19 18:12:617 INFO  LaptopAndNoteBookPage :54 - Clicking on SortBy filter drop down : [[ChromeDriver: chrome on windows (4436b2b9a21f7f024fa54946c3e4bf12)] -> id: input-sort]
2023-12-19 18:12:961 INFO  LaptopAndNoteBookPage :58 - Selecting sort by Price(High>Low) option : [[ChromeDriver: chrome on windows (4436b2b9a21f7f024fa54946c3e4bf12)] -> id: input-sort]
2023-12-19 18:12:12 INFO  LaptopAndNoteBookPage :68 - Taking actual sorted product prices : [[[ChromeDriver: chrome on windows (4436b2b9a21f7f024fa54946c3e4bf12)] -> xpath: //p[@class ='price']], [[ChromeDriver: chrome on windows (4436b2b9a21f7f024fa54946c3e4bf12)] -> xpath: //p[@class ='price']], [[ChromeDriver: chrome on windows (4436b2b9a21f7f024fa54946c3e4bf12)] -> xpath: //p[@class ='price']], [[ChromeDriver: chrome on windows (4436b2b9a21f7f024fa54946c3e4bf12)] -> xpath: //p[@class ='price']], [[ChromeDriver: chrome on windows (4436b2b9a21f7f024fa54946c3e4bf12)] -> xpath: //p[@class ='price']]]
2023-12-19 18:12:43 INFO  LaptopAndNoteBookPage :81 - Taking the prices and sorting is by collection.sort : [[[ChromeDriver: chrome on windows (4436b2b9a21f7f024fa54946c3e4bf12)] -> xpath: //p[@class ='price']], [[ChromeDriver: chrome on windows (4436b2b9a21f7f024fa54946c3e4bf12)] -> xpath: //p[@class ='price']], [[ChromeDriver: chrome on windows (4436b2b9a21f7f024fa54946c3e4bf12)] -> xpath: //p[@class ='price']], [[ChromeDriver: chrome on windows (4436b2b9a21f7f024fa54946c3e4bf12)] -> xpath: //p[@class ='price']], [[ChromeDriver: chrome on windows (4436b2b9a21f7f024fa54946c3e4bf12)] -> xpath: //p[@class ='price']]]
2023-12-19 18:12:342 INFO  HomePage :99 - Hovering mouse and clicking on Laptops and Notebooks tab : [[ChromeDriver: chrome on windows (678222c24496dda50a6acd32dcd686b1)] -> xpath: //a[normalize-space()='Laptops & Notebooks']]
2023-12-19 18:12:921 INFO  HomePage :82 - Hovering mouse and Clicking on show all Laptops and Notebooks : [[ChromeDriver: chrome on windows (678222c24496dda50a6acd32dcd686b1)] -> xpath: //a[normalize-space()='Show AllLaptops & Notebooks']]
2023-12-19 18:12:987 INFO  LaptopAndNoteBookPage :54 - Clicking on SortBy filter drop down : [[ChromeDriver: chrome on windows (678222c24496dda50a6acd32dcd686b1)] -> id: input-sort]
2023-12-19 18:12:340 INFO  LaptopAndNoteBookPage :58 - Selecting sort by Price(High>Low) option : [[ChromeDriver: chrome on windows (678222c24496dda50a6acd32dcd686b1)] -> id: input-sort]
2023-12-19 18:12:41 INFO  LaptopAndNoteBookPage :87 - Clicking on MacBook product link : [[ChromeDriver: chrome on windows (678222c24496dda50a6acd32dcd686b1)] -> link text: MacBook]
2023-12-19 18:12:55 INFO  MacBookPage :31 - Getting text from macbook page : [[ChromeDriver: chrome on windows (678222c24496dda50a6acd32dcd686b1)] -> xpath: //h1[contains(text(),'MacBook')]]
2023-12-19 18:12:96 INFO  MacBookPage :37 - Clicking on add to cart : [[ChromeDriver: chrome on windows (678222c24496dda50a6acd32dcd686b1)] -> xpath: //button[@id='button-cart']]
2023-12-19 18:12:302 INFO  MacBookPage :41 - Checking for product added to cart successfully : [[ChromeDriver: chrome on windows (678222c24496dda50a6acd32dcd686b1)] -> css selector: body:nth-child(2) div.container:nth-child(4) > div.alert.alert-success.alert-dismissible]
2023-12-19 18:12:693 INFO  MacBookPage :47 - Clicking on shopping cart : [[ChromeDriver: chrome on windows (678222c24496dda50a6acd32dcd686b1)] -> xpath: //div[@class='alert alert-success alert-dismissible']/a[2]]
2023-12-19 18:12:707 INFO  ShoppingCartPage :51 - Checking for shopping cart text : [[ChromeDriver: chrome on windows (678222c24496dda50a6acd32dcd686b1)] -> xpath: //div[@id='content']//h1]
2023-12-19 18:12:723 INFO  ShoppingCartPage :56 - Getting product name text in shopping cart : [[ChromeDriver: chrome on windows (678222c24496dda50a6acd32dcd686b1)] -> xpath: //div[@class = 'table-responsive']/table/tbody/tr/td[2]/a]
2023-12-19 18:12:826 INFO  ShoppingCartPage :78 - Sending quantity to quantity box in shopping cart : [[ChromeDriver: chrome on windows (678222c24496dda50a6acd32dcd686b1)] -> xpath: //div[@class='input-group btn-block']/input[@type='text']]
2023-12-19 18:12:359 INFO  ShoppingCartPage :83 - Clicking on refresh button : [[ChromeDriver: chrome on windows (678222c24496dda50a6acd32dcd686b1)] -> xpath: //i[@class = 'fa fa-refresh']]
2023-12-19 18:12:377 INFO  ShoppingCartPage :87 - Checking for success message after refreshing the product : [[ChromeDriver: chrome on windows (678222c24496dda50a6acd32dcd686b1)] -> xpath: //div[@id='checkout-cart']/div[1]]
2023-12-19 18:12:391 INFO  ShoppingCartPage :71 - Getting total amount in shopping cart : [[ChromeDriver: chrome on windows (678222c24496dda50a6acd32dcd686b1)] -> xpath: //div[@class = 'table-responsive']/table/tbody/tr/td[6]]
2023-12-19 18:12:786 INFO  ShoppingCartPage :93 - Clicking on logout button : Proxy element for: DefaultElementLocator 'By.xpath: //i[@class = 'fa fa-refresh']'
2023-12-19 18:12:797 INFO  CheckOutPage :87 - Getting text from checkout page : [[ChromeDriver: chrome on windows (678222c24496dda50a6acd32dcd686b1)] -> xpath: //h1[contains(text(),'Checkout')]]
2023-12-19 18:12:816 INFO  CheckOutPage :92 - Getting New Customer text : [[ChromeDriver: chrome on windows (678222c24496dda50a6acd32dcd686b1)] -> xpath: //h2[contains(text(),'New Customer')]]
2023-12-19 18:12:865 INFO  CheckOutPage :98 - Clicking on Guest checkout radio button : [[ChromeDriver: chrome on windows (678222c24496dda50a6acd32dcd686b1)] -> xpath: //div[@id='checkout-checkout']//input[@value='guest']]
2023-12-19 18:12:920 INFO  CheckOutPage :103 - Clicking on continue button : [[ChromeDriver: chrome on windows (678222c24496dda50a6acd32dcd686b1)] -> xpath: //input[@id='button-account']]
2023-12-19 18:12:682 INFO  CheckOutPage :118 - Sending firstname to billing details : [[ChromeDriver: chrome on windows (678222c24496dda50a6acd32dcd686b1)] -> id: input-payment-firstname]
2023-12-19 18:12:809 INFO  CheckOutPage :123 - Sending lastname to billing details : [[ChromeDriver: chrome on windows (678222c24496dda50a6acd32dcd686b1)] -> id: input-payment-lastname]
2023-12-19 18:12:901 INFO  CheckOutPage :128 - Sending email to billing details : [[ChromeDriver: chrome on windows (678222c24496dda50a6acd32dcd686b1)] -> id: input-payment-email]
2023-12-19 18:12:35 INFO  CheckOutPage :133 - Sending telephone to billing details : [[ChromeDriver: chrome on windows (678222c24496dda50a6acd32dcd686b1)] -> id: input-payment-telephone]
2023-12-19 18:12:126 INFO  CheckOutPage :138 - Sending address to billing details : [[ChromeDriver: chrome on windows (678222c24496dda50a6acd32dcd686b1)] -> id: input-payment-address-1]
2023-12-19 18:12:226 INFO  CheckOutPage :143 - Sending city to billing details : [[ChromeDriver: chrome on windows (678222c24496dda50a6acd32dcd686b1)] -> id: input-payment-city]
2023-12-19 18:12:291 INFO  CheckOutPage :148 - Sending postcode to billing details : [[ChromeDriver: chrome on windows (678222c24496dda50a6acd32dcd686b1)] -> id: input-payment-postcode]
2023-12-19 18:12:327 INFO  CheckOutPage :153 - Selecting country to billing details from dropdown : [[ChromeDriver: chrome on windows (678222c24496dda50a6acd32dcd686b1)] -> id: input-payment-country]
2023-12-19 18:12:141 INFO  HomePage :122 - Clicking on My Accounts Tab : [[ChromeDriver: chrome on windows (38db65f0444212c0ec24942afc9ff306)] -> xpath: //span[contains(text(),'My Account')]]
2023-12-19 18:12:660 INFO  HomePage :104 - Hovering mouse and clicking on Components tab : [[ChromeDriver: chrome on windows (2421ab86156fbbb7bce372782dd95128)] -> xpath: //a[normalize-space()='Components']]
2023-12-19 18:12:292 INFO  HomePage :86 - Hovering mouse and Clicking on show all Components : [[ChromeDriver: chrome on windows (2421ab86156fbbb7bce372782dd95128)] -> xpath: //a[normalize-space()='Components']]
2023-12-19 18:12:311 INFO  ComponentsPage :19 - Getting text from components page : [[ChromeDriver: chrome on windows (2421ab86156fbbb7bce372782dd95128)] -> xpath: //h2[contains(text(),'Components')]]
